<?xml version="1.0" encoding="UTF-8"?>
<testng-results skipped="0" failed="0" ignored="0" total="1" passed="1">
  <reporter-output>
  </reporter-output>
  <suite name="Default suite" duration-ms="34925" started-at="2017-05-28T13:40:04Z" finished-at="2017-05-28T13:40:39Z">
    <groups>
    </groups>
    <test name="Default test" duration-ms="34925" started-at="2017-05-28T13:40:04Z" finished-at="2017-05-28T13:40:39Z">
      <class name="hybridFramework.webdriver.DriverBaseTest">
        <test-method status="PASS" signature="fileExistChecker()[pri:0, instance:hybridFramework.webdriver.DriverBaseTest@1c3a4799]" name="fileExistChecker" is-config="true" duration-ms="9922" started-at="2017-05-28T19:10:04Z" finished-at="2017-05-28T19:10:14Z">
          <reporter-output>
          </reporter-output>
        </test-method> <!-- fileExistChecker -->
        <test-method status="PASS" signature="mainRunner()[pri:0, instance:hybridFramework.webdriver.DriverBaseTest@1c3a4799]" name="mainRunner" duration-ms="24955" started-at="2017-05-28T19:10:14Z" finished-at="2017-05-28T19:10:39Z">
          <reporter-output>
          </reporter-output>
        </test-method> <!-- mainRunner -->
      </class> <!-- hybridFramework.webdriver.DriverBaseTest -->
    </test> <!-- Default test -->
  </suite> <!-- Default suite -->
</testng-results>
