<?xml version="1.0" encoding="UTF-8"?>
<testng-results skipped="0" failed="0" ignored="0" total="1" passed="1">
  <reporter-output>
  </reporter-output>
  <suite name="Default suite" duration-ms="22388" started-at="2017-04-26T02:05:27Z" finished-at="2017-04-26T02:05:49Z">
    <groups>
    </groups>
    <test name="Default test" duration-ms="22388" started-at="2017-04-26T02:05:27Z" finished-at="2017-04-26T02:05:49Z">
      <class name="hybridFramework.webdriver.DriverBase">
        <test-method status="PASS" signature="fileExistChecker()[pri:0, instance:hybridFramework.webdriver.DriverBase@4f063c0a]" name="fileExistChecker" is-config="true" duration-ms="5426" started-at="2017-04-26T07:35:27Z" finished-at="2017-04-26T07:35:32Z">
          <reporter-output>
          </reporter-output>
        </test-method> <!-- fileExistChecker -->
        <test-method status="PASS" signature="mainRunner()[pri:0, instance:hybridFramework.webdriver.DriverBase@4f063c0a]" name="mainRunner" duration-ms="16931" started-at="2017-04-26T07:35:32Z" finished-at="2017-04-26T07:35:49Z">
          <reporter-output>
          </reporter-output>
        </test-method> <!-- mainRunner -->
      </class> <!-- hybridFramework.webdriver.DriverBase -->
    </test> <!-- Default test -->
  </suite> <!-- Default suite -->
</testng-results>
