<?xml version="1.0" encoding="UTF-8"?>
<testng-results skipped="0" failed="0" total="1" passed="1">
  <reporter-output>
  </reporter-output>
  <suite name="Default suite" duration-ms="95" started-at="2016-11-25T04:24:09Z" finished-at="2016-11-25T04:24:09Z">
    <groups>
    </groups>
    <test name="Default test" duration-ms="95" started-at="2016-11-25T04:24:09Z" finished-at="2016-11-25T04:24:09Z">
      <class name="Machines.lab2">
        <test-method status="PASS" signature="t()[pri:0, instance:Machines.lab2@167c1fc]" name="t" duration-ms="60" started-at="2016-11-24T20:24:09Z" finished-at="2016-11-24T20:24:09Z">
          <reporter-output>
          </reporter-output>
        </test-method> <!-- t -->
      </class> <!-- Machines.lab2 -->
    </test> <!-- Default test -->
  </suite> <!-- Default suite -->
</testng-results>
